<?xml version="1.0" encoding="UTF-8"?>
<testsuite xmlns:xsi="http://www.w3.org/2001/XMLSchema-instance" xsi:noNamespaceSchemaLocation="https://maven.apache.org/surefire/maven-surefire-plugin/xsd/surefire-test-report-3.0.xsd" version="3.0" name="JUnit.LoadTest" time="0.012" tests="10" errors="0" skipped="0" failures="0">
  <properties>
[...]
</properties>
  <testcase name="testShootHitWumpus" classname="JUnit.LoadTest" time="0.003"/>
  <testcase name="testShootMiss" classname="JUnit.LoadTest" time="0.0"/>
  <testcase name="testWalkE" classname="JUnit.LoadTest" time="0.001"/>
  <testcase name="testWalkN" classname="JUnit.LoadTest" time="0.0"/>
  <testcase name="testWalkS" classname="JUnit.LoadTest" time="0.0"/>
  <testcase name="testWalkW" classname="JUnit.LoadTest" time="0.001"/>
  <testcase name="testGetSize" classname="JUnit.LoadTest" time="0.0"/>
  <testcase name="testTurnRight" classname="JUnit.LoadTest" time="0.0"/>
  <testcase name="testTurnLeft" classname="JUnit.LoadTest" time="0.0"/>
  <testcase name="testLoadWorld" classname="JUnit.LoadTest" time="0.002"/>
</testsuite>